<?xml version="1.0" encoding="UTF-8"?>
<!-- Generated by org.testng.reporters.JUnitXMLReporter -->
<testsuite hostname="Karthiks-MacBook-Air.local" failures="2" tests="7" name="Test" time="73.1" errors="0" timestamp="16 Jan 2020 20:06:08 GMT">
  <testcase classname="com.apex.ecommerce.order.test.OrderTest" name="validatePidTest" time="25.121"/>
  <testcase classname="com.apex.ecommerce.signon.test.SignonTest" name="testWithAllBlanks" time="0.798"/>
  <testcase classname="com.apex.ecommerce.signon.test.SignonTest" name="testWithBlankUserId" time="0.889"/>
  <testcase classname="com.apex.ecommerce.signon.test.SignonTest" name="testWithInvalidCharacters" time="0.968">
    <failure type="java.lang.AssertionError" message="expected [true] but found [false]">
      <![CDATA[java.lang.AssertionError: expected [true] but found [false]
	at com.apex.ecommerce.signon.test.SignonTest.testWithInvalidCharacters(SignonTest.java:65)
... Removed 28 stack frames]]>
    </failure>
  </testcase> <!-- testWithInvalidCharacters -->
  <testcase classname="com.apex.ecommerce.signon.test.SignonTest" name="testWithSuccessCredentials" time="0.989"/>
  <testcase classname="com.apex.ecommerce.signon.test.SignonTest" name="testWithWrong" time="1.135">
    <failure type="java.lang.AssertionError" message="expected [valid] but found [Invalid Username / Password!]">
      <![CDATA[java.lang.AssertionError: expected [valid] but found [Invalid Username / Password!]
	at com.apex.ecommerce.signon.test.SignonTest.testWithWrong(SignonTest.java:73)
... Removed 30 stack frames]]>
    </failure>
  </testcase> <!-- testWithWrong -->
  <testcase classname="com.apex.ecommerce.registration.test.RegistrationTest" name="testCreateAccount" time="6.413"/>
</testsuite> <!-- Test -->
