<?xml version="1.0" encoding="UTF-8"?>
<!-- Generated by org.testng.reporters.JUnitXMLReporter -->
<testsuite hostname="Karthiks-MacBook-Air.local" failures="3" tests="7" name="Test" time="67.284" errors="0" timestamp="7 Feb 2020 22:29:40 GMT">
  <testcase classname="com.apex.ecommerce.order.test.OrderTest" name="validatePidTest" time="18.929">
    <failure type="org.openqa.selenium.UnhandledAlertException" message="unexpected alert open: {Alert text : Are you sure you want to remove this product from your cart}
  (Session info: chrome=80.0.3987.87): Are you sure you want to remove this product from your cart
Build info: version: &amp;apos;3.9.0&amp;apos;, revision: &amp;apos;698b3178f0&amp;apos;, time: &amp;apos;2018-02-05T14:26:55.441Z&amp;apos;
System info: host: &amp;apos;Karthiks-MacBook-Air.local&amp;apos;, ip: &amp;apos;2601:641:8000:e30:4096:dd0a:a4a5:29da%en0&amp;apos;, os.name: &amp;apos;Mac OS X&amp;apos;, os.arch: &amp;apos;x86_64&amp;apos;, os.version: &amp;apos;10.14.6&amp;apos;, java.version: &amp;apos;11.0.1&amp;apos;
Driver info: org.openqa.selenium.chrome.ChromeDriver
Capabilities {acceptInsecureCerts: false, browserName: chrome, browserVersion: 80.0.3987.87, chrome: {chromedriverVersion: 79.0.3945.36 (3582db32b3389..., userDataDir: /var/folders/gc/rt94tmz93zj...}, goog:chromeOptions: {debuggerAddress: localhost:64488}, javascriptEnabled: true, networkConnectionEnabled: false, pageLoadStrategy: normal, platform: MAC, platformName: MAC, proxy: Proxy(), setWindowRect: true, strictFileInteractability: false, timeouts: {implicit: 0, pageLoad: 300000, script: 30000}, unhandledPromptBehavior: dismiss and notify}
Session ID: a7cc859ac01c19625468a0f95b28df46
*** Element info: {Using=xpath, value=//div[contains(text(),&amp;apos;Checkout&amp;apos;)]}">
      <![CDATA[org.openqa.selenium.UnhandledAlertException: unexpected alert open: {Alert text : Are you sure you want to remove this product from your cart}
  (Session info: chrome=80.0.3987.87): Are you sure you want to remove this product from your cart
Build info: version: '3.9.0', revision: '698b3178f0', time: '2018-02-05T14:26:55.441Z'
System info: host: 'Karthiks-MacBook-Air.local', ip: '2601:641:8000:e30:4096:dd0a:a4a5:29da%en0', os.name: 'Mac OS X', os.arch: 'x86_64', os.version: '10.14.6', java.version: '11.0.1'
Driver info: org.openqa.selenium.chrome.ChromeDriver
Capabilities {acceptInsecureCerts: false, browserName: chrome, browserVersion: 80.0.3987.87, chrome: {chromedriverVersion: 79.0.3945.36 (3582db32b3389..., userDataDir: /var/folders/gc/rt94tmz93zj...}, goog:chromeOptions: {debuggerAddress: localhost:64488}, javascriptEnabled: true, networkConnectionEnabled: false, pageLoadStrategy: normal, platform: MAC, platformName: MAC, proxy: Proxy(), setWindowRect: true, strictFileInteractability: false, timeouts: {implicit: 0, pageLoad: 300000, script: 30000}, unhandledPromptBehavior: dismiss and notify}
Session ID: a7cc859ac01c19625468a0f95b28df46
*** Element info: {Using=xpath, value=//div[contains(text(),'Checkout')]}
	at org.openqa.selenium.remote.http.W3CHttpResponseCodec.decode(W3CHttpResponseCodec.java:120)
	at org.openqa.selenium.remote.http.W3CHttpResponseCodec.decode(W3CHttpResponseCodec.java:49)
	at org.openqa.selenium.remote.HttpCommandExecutor.execute(HttpCommandExecutor.java:160)
	at org.openqa.selenium.remote.service.DriverCommandExecutor.execute(DriverCommandExecutor.java:83)
	at org.openqa.selenium.remote.RemoteWebDriver.execute(RemoteWebDriver.java:601)
	at org.openqa.selenium.remote.RemoteWebDriver.findElement(RemoteWebDriver.java:371)
	at org.openqa.selenium.remote.RemoteWebDriver.findElementByXPath(RemoteWebDriver.java:473)
	at org.openqa.selenium.By$ByXPath.findElement(By.java:361)
	at org.openqa.selenium.remote.RemoteWebDriver.findElement(RemoteWebDriver.java:363)
	at org.openqa.selenium.support.pagefactory.DefaultElementLocator.findElement(DefaultElementLocator.java:69)
	at org.openqa.selenium.support.pagefactory.internal.LocatingElementHandler.invoke(LocatingElementHandler.java:38)
	at com.sun.proxy.$Proxy24.click(Unknown Source)
	at com.apex.ecommerce.order.page.OrderPage.productList(OrderPage.java:71)
	at com.apex.ecommerce.order.test.OrderTest.validatePidTest(OrderTest.java:25)
... Removed 28 stack frames]]>
    </failure>
  </testcase> <!-- validatePidTest -->
  <testcase classname="com.apex.ecommerce.signon.test.SignonTest" name="testWithAllBlanks" time="1.135"/>
  <testcase classname="com.apex.ecommerce.signon.test.SignonTest" name="testWithBlankUserId" time="1.032"/>
  <testcase classname="com.apex.ecommerce.signon.test.SignonTest" name="testWithInvalidCharacters" time="1.308">
    <failure type="java.lang.AssertionError" message="expected [true] but found [false]">
      <![CDATA[java.lang.AssertionError: expected [true] but found [false]
	at com.apex.ecommerce.signon.test.SignonTest.testWithInvalidCharacters(SignonTest.java:65)
... Removed 32 stack frames]]>
    </failure>
  </testcase> <!-- testWithInvalidCharacters -->
  <testcase classname="com.apex.ecommerce.signon.test.SignonTest" name="testWithSuccessCredentials" time="1.437"/>
  <testcase classname="com.apex.ecommerce.signon.test.SignonTest" name="testWithWrong" time="1.448">
    <failure type="java.lang.AssertionError" message="expected [valid] but found [Invalid Username / Password!]">
      <![CDATA[java.lang.AssertionError: expected [valid] but found [Invalid Username / Password!]
	at com.apex.ecommerce.signon.test.SignonTest.testWithWrong(SignonTest.java:73)
... Removed 34 stack frames]]>
    </failure>
  </testcase> <!-- testWithWrong -->
  <testcase classname="com.apex.ecommerce.registration.test.RegistrationTest" name="testCreateAccount" time="7.538"/>
</testsuite> <!-- Test -->
