<!DOCTYPE html PUBLIC "-//W3C//DTD XHTML 1.1//EN" "http://www.w3.org/TR/xhtml11/DTD/xhtml11.dtd">
<html xmlns="http://www.w3.org/1999/xhtml"><head><title>TestNG Report</title><style type="text/css">table {margin-bottom:10px;border-collapse:collapse;empty-cells:show}th,td {border:1px solid #009;padding:.25em .5em}th {vertical-align:bottom}td {vertical-align:top}table a {font-weight:bold}.stripe td {background-color: #E6EBF9}.num {text-align:right}.passedodd td {background-color: #3F3}.passedeven td {background-color: #0A0}.skippedodd td {background-color: #DDD}.skippedeven td {background-color: #CCC}.failedodd td,.attn {background-color: #F33}.failedeven td,.stripe .attn {background-color: #D00}.stacktrace {white-space:pre;font-family:monospace}.totop {font-size:85%;text-align:center;border-bottom:2px solid #000}</style></head><body><table><tr><th>Test</th><th># Passed</th><th># Skipped</th><th># Failed</th><th>Time (ms)</th><th>Included Groups</th><th>Excluded Groups</th></tr><tr><th colspan="7">Suite</th></tr><tr><td><a href="#t0">Test</a></td><td class="num">4</td><td class="num">0</td><td class="num attn">3</td><td class="num">67,284</td><td></td><td></td></tr></table><table><thead><tr><th>Class</th><th>Method</th><th>Start</th><th>Time (ms)</th></tr></thead><tbody><tr><th colspan="4">Suite</th></tr></tbody><tbody id="t0"><tr><th colspan="4">Test &#8212; failed</th></tr><tr class="failedeven"><td rowspan="1">com.apex.ecommerce.order.test.OrderTest</td><td><a href="#m0">validatePidTest</a></td><td rowspan="1">1581114518897</td><td rowspan="1">18929</td></tr><tr class="failedodd"><td rowspan="2">com.apex.ecommerce.signon.test.SignonTest</td><td><a href="#m1">testWithInvalidCharacters</a></td><td rowspan="1">1581114554121</td><td rowspan="1">1308</td></tr><tr class="failedodd"><td><a href="#m2">testWithWrong</a></td><td rowspan="1">1581114566294</td><td rowspan="1">1448</td></tr><tr><th colspan="4">Test &#8212; passed</th></tr><tr class="passedeven"><td rowspan="1">com.apex.ecommerce.registration.test.RegistrationTest</td><td><a href="#m3">testCreateAccount</a></td><td rowspan="1">1581114573120</td><td rowspan="1">7538</td></tr><tr class="passedodd"><td rowspan="3">com.apex.ecommerce.signon.test.SignonTest</td><td><a href="#m4">testWithAllBlanks</a></td><td rowspan="1">1581114543912</td><td rowspan="1">1135</td></tr><tr class="passedodd"><td><a href="#m5">testWithBlankUserId</a></td><td rowspan="1">1581114549646</td><td rowspan="1">1032</td></tr><tr class="passedodd"><td><a href="#m6">testWithSuccessCredentials</a></td><td rowspan="1">1581114560225</td><td rowspan="1">1437</td></tr></tbody></table><h2>Test</h2><h3 id="m0">com.apex.ecommerce.order.test.OrderTest#validatePidTest</h3><table class="result"><tr><th>Exception</th></tr><tr><td><div class="stacktrace">org.openqa.selenium.UnhandledAlertException: unexpected alert open: {Alert text : Are you sure you want to remove this product from your cart}
  (Session info: chrome=80.0.3987.87): Are you sure you want to remove this product from your cart
Build info: version: &apos;3.9.0&apos;, revision: &apos;698b3178f0&apos;, time: &apos;2018-02-05T14:26:55.441Z&apos;
System info: host: &apos;Karthiks-MacBook-Air.local&apos;, ip: &apos;2601:641:8000:e30:4096:dd0a:a4a5:29da%en0&apos;, os.name: &apos;Mac OS X&apos;, os.arch: &apos;x86_64&apos;, os.version: &apos;10.14.6&apos;, java.version: &apos;11.0.1&apos;
Driver info: org.openqa.selenium.chrome.ChromeDriver
Capabilities {acceptInsecureCerts: false, browserName: chrome, browserVersion: 80.0.3987.87, chrome: {chromedriverVersion: 79.0.3945.36 (3582db32b3389..., userDataDir: /var/folders/gc/rt94tmz93zj...}, goog:chromeOptions: {debuggerAddress: localhost:64488}, javascriptEnabled: true, networkConnectionEnabled: false, pageLoadStrategy: normal, platform: MAC, platformName: MAC, proxy: Proxy(), setWindowRect: true, strictFileInteractability: false, timeouts: {implicit: 0, pageLoad: 300000, script: 30000}, unhandledPromptBehavior: dismiss and notify}
Session ID: a7cc859ac01c19625468a0f95b28df46
*** Element info: {Using=xpath, value=//div[contains(text(),&apos;Checkout&apos;)]}
	at org.openqa.selenium.remote.http.W3CHttpResponseCodec.decode(W3CHttpResponseCodec.java:120)
	at org.openqa.selenium.remote.http.W3CHttpResponseCodec.decode(W3CHttpResponseCodec.java:49)
	at org.openqa.selenium.remote.HttpCommandExecutor.execute(HttpCommandExecutor.java:160)
	at org.openqa.selenium.remote.service.DriverCommandExecutor.execute(DriverCommandExecutor.java:83)
	at org.openqa.selenium.remote.RemoteWebDriver.execute(RemoteWebDriver.java:601)
	at org.openqa.selenium.remote.RemoteWebDriver.findElement(RemoteWebDriver.java:371)
	at org.openqa.selenium.remote.RemoteWebDriver.findElementByXPath(RemoteWebDriver.java:473)
	at org.openqa.selenium.By$ByXPath.findElement(By.java:361)
	at org.openqa.selenium.remote.RemoteWebDriver.findElement(RemoteWebDriver.java:363)
	at org.openqa.selenium.support.pagefactory.DefaultElementLocator.findElement(DefaultElementLocator.java:69)
	at org.openqa.selenium.support.pagefactory.internal.LocatingElementHandler.invoke(LocatingElementHandler.java:38)
	at com.sun.proxy.$Proxy24.click(Unknown Source)
	at com.apex.ecommerce.order.page.OrderPage.productList(OrderPage.java:71)
	at com.apex.ecommerce.order.test.OrderTest.validatePidTest(OrderTest.java:25)
... Removed 28 stack frames</div></td></tr></table><p class="totop"><a href="#summary">back to summary</a></p><h3 id="m1">com.apex.ecommerce.signon.test.SignonTest#testWithInvalidCharacters</h3><table class="result"><tr><th>Exception</th></tr><tr><td><div class="stacktrace">java.lang.AssertionError: expected [true] but found [false]
	at com.apex.ecommerce.signon.test.SignonTest.testWithInvalidCharacters(SignonTest.java:65)
... Removed 32 stack frames</div></td></tr></table><p class="totop"><a href="#summary">back to summary</a></p><h3 id="m2">com.apex.ecommerce.signon.test.SignonTest#testWithWrong</h3><table class="result"><tr><th>Exception</th></tr><tr><td><div class="stacktrace">java.lang.AssertionError: expected [valid] but found [Invalid Username / Password!]
	at com.apex.ecommerce.signon.test.SignonTest.testWithWrong(SignonTest.java:73)
... Removed 34 stack frames</div></td></tr></table><p class="totop"><a href="#summary">back to summary</a></p><h3 id="m3">com.apex.ecommerce.registration.test.RegistrationTest#testCreateAccount</h3><table class="result"></table><p class="totop"><a href="#summary">back to summary</a></p><h3 id="m4">com.apex.ecommerce.signon.test.SignonTest#testWithAllBlanks</h3><table class="result"></table><p class="totop"><a href="#summary">back to summary</a></p><h3 id="m5">com.apex.ecommerce.signon.test.SignonTest#testWithBlankUserId</h3><table class="result"></table><p class="totop"><a href="#summary">back to summary</a></p><h3 id="m6">com.apex.ecommerce.signon.test.SignonTest#testWithSuccessCredentials</h3><table class="result"></table><p class="totop"><a href="#summary">back to summary</a></p></body></html>