<?xml version="1.0" encoding="UTF-8"?>
<testng-results total="7" passed="5" failed="2" skipped="0">
  <reporter-output>
  </reporter-output>
  <suite started-at="2020-01-16T20:04:54Z" name="Suite" finished-at="2020-01-16T20:06:08Z" duration-ms="73100">
    <groups>
    </groups>
    <test started-at="2020-01-16T20:04:54Z" name="Test" finished-at="2020-01-16T20:06:08Z" duration-ms="73100">
      <class name="com.apex.ecommerce.order.test.OrderTest">
        <test-method is-config="true" signature="setUp()[pri:0, instance:com.apex.ecommerce.order.test.OrderTest@6b7906b3]" started-at="2020-01-16T12:04:55Z" name="setUp" finished-at="2020-01-16T12:05:01Z" duration-ms="6129" status="PASS">
          <reporter-output>
          </reporter-output>
        </test-method> <!-- setUp -->
        <test-method signature="validatePidTest()[pri:0, instance:com.apex.ecommerce.order.test.OrderTest@6b7906b3]" started-at="2020-01-16T12:05:01Z" name="validatePidTest" finished-at="2020-01-16T12:05:26Z" duration-ms="25121" status="PASS">
          <reporter-output>
          </reporter-output>
        </test-method> <!-- validatePidTest -->
        <test-method is-config="true" signature="close()[pri:0, instance:com.apex.ecommerce.order.test.OrderTest@6b7906b3]" started-at="2020-01-16T12:05:26Z" name="close" finished-at="2020-01-16T12:05:26Z" duration-ms="130" status="PASS">
          <reporter-output>
          </reporter-output>
        </test-method> <!-- close -->
      </class> <!-- com.apex.ecommerce.order.test.OrderTest -->
      <class name="com.apex.ecommerce.registration.test.RegistrationTest">
        <test-method is-config="true" signature="setUp()[pri:0, instance:com.apex.ecommerce.registration.test.RegistrationTest@395b56bb]" started-at="2020-01-16T12:05:56Z" name="setUp" finished-at="2020-01-16T12:06:01Z" duration-ms="4676" status="PASS">
          <reporter-output>
          </reporter-output>
        </test-method> <!-- setUp -->
        <test-method signature="testCreateAccount()[pri:0, instance:com.apex.ecommerce.registration.test.RegistrationTest@395b56bb]" started-at="2020-01-16T12:06:01Z" name="testCreateAccount" finished-at="2020-01-16T12:06:07Z" duration-ms="6413" status="PASS">
          <reporter-output>
          </reporter-output>
        </test-method> <!-- testCreateAccount -->
        <test-method is-config="true" signature="close()[pri:0, instance:com.apex.ecommerce.registration.test.RegistrationTest@395b56bb]" started-at="2020-01-16T12:06:07Z" name="close" finished-at="2020-01-16T12:06:08Z" duration-ms="168" status="PASS">
          <reporter-output>
          </reporter-output>
        </test-method> <!-- close -->
      </class> <!-- com.apex.ecommerce.registration.test.RegistrationTest -->
      <class name="com.apex.ecommerce.signon.test.SignonTest">
        <test-method is-config="true" signature="setUp()[pri:0, instance:com.apex.ecommerce.signon.test.SignonTest@3a1dd365]" started-at="2020-01-16T12:05:26Z" name="setUp" finished-at="2020-01-16T12:05:31Z" duration-ms="4998" status="PASS">
          <reporter-output>
          </reporter-output>
        </test-method> <!-- setUp -->
        <test-method signature="testWithAllBlanks()[pri:0, instance:com.apex.ecommerce.signon.test.SignonTest@3a1dd365]" started-at="2020-01-16T12:05:31Z" name="testWithAllBlanks" finished-at="2020-01-16T12:05:32Z" duration-ms="798" status="PASS">
          <reporter-output>
          </reporter-output>
        </test-method> <!-- testWithAllBlanks -->
        <test-method is-config="true" signature="close()[pri:0, instance:com.apex.ecommerce.signon.test.SignonTest@3a1dd365]" started-at="2020-01-16T12:05:32Z" name="close" finished-at="2020-01-16T12:05:32Z" duration-ms="164" status="PASS">
          <reporter-output>
          </reporter-output>
        </test-method> <!-- close -->
        <test-method is-config="true" signature="setUp()[pri:0, instance:com.apex.ecommerce.signon.test.SignonTest@3a1dd365]" started-at="2020-01-16T12:05:32Z" name="setUp" finished-at="2020-01-16T12:05:36Z" duration-ms="3632" status="PASS">
          <reporter-output>
          </reporter-output>
        </test-method> <!-- setUp -->
        <test-method signature="testWithBlankUserId()[pri:0, instance:com.apex.ecommerce.signon.test.SignonTest@3a1dd365]" started-at="2020-01-16T12:05:36Z" name="testWithBlankUserId" finished-at="2020-01-16T12:05:36Z" duration-ms="889" status="PASS">
          <reporter-output>
          </reporter-output>
        </test-method> <!-- testWithBlankUserId -->
        <test-method is-config="true" signature="close()[pri:0, instance:com.apex.ecommerce.signon.test.SignonTest@3a1dd365]" started-at="2020-01-16T12:05:36Z" name="close" finished-at="2020-01-16T12:05:37Z" duration-ms="268" status="PASS">
          <reporter-output>
          </reporter-output>
        </test-method> <!-- close -->
        <test-method is-config="true" signature="setUp()[pri:0, instance:com.apex.ecommerce.signon.test.SignonTest@3a1dd365]" started-at="2020-01-16T12:05:37Z" name="setUp" finished-at="2020-01-16T12:05:41Z" duration-ms="3804" status="PASS">
          <reporter-output>
          </reporter-output>
        </test-method> <!-- setUp -->
        <test-method signature="testWithInvalidCharacters()[pri:0, instance:com.apex.ecommerce.signon.test.SignonTest@3a1dd365]" started-at="2020-01-16T12:05:41Z" name="testWithInvalidCharacters" finished-at="2020-01-16T12:05:42Z" duration-ms="968" status="FAIL">
          <exception class="java.lang.AssertionError">
            <message>
              <![CDATA[expected [true] but found [false]]]>
            </message>
            <full-stacktrace>
              <![CDATA[java.lang.AssertionError: expected [true] but found [false]
	at org.testng.Assert.fail(Assert.java:94)
	at org.testng.Assert.failNotEquals(Assert.java:513)
	at org.testng.Assert.assertTrue(Assert.java:42)
	at org.testng.Assert.assertTrue(Assert.java:52)
	at com.apex.ecommerce.signon.test.SignonTest.testWithInvalidCharacters(SignonTest.java:65)
	at java.base/jdk.internal.reflect.NativeMethodAccessorImpl.invoke0(Native Method)
	at java.base/jdk.internal.reflect.NativeMethodAccessorImpl.invoke(NativeMethodAccessorImpl.java:62)
	at java.base/jdk.internal.reflect.DelegatingMethodAccessorImpl.invoke(DelegatingMethodAccessorImpl.java:43)
	at java.base/java.lang.reflect.Method.invoke(Method.java:567)
	at org.testng.internal.MethodInvocationHelper.invokeMethod(MethodInvocationHelper.java:86)
	at org.testng.internal.Invoker.invokeMethod(Invoker.java:643)
	at org.testng.internal.Invoker.invokeTestMethod(Invoker.java:820)
	at org.testng.internal.Invoker.invokeTestMethods(Invoker.java:1128)
	at org.testng.internal.TestMethodWorker.invokeTestMethods(TestMethodWorker.java:129)
	at org.testng.internal.TestMethodWorker.run(TestMethodWorker.java:112)
	at org.testng.TestRunner.privateRun(TestRunner.java:782)
	at org.testng.TestRunner.run(TestRunner.java:632)
	at org.testng.SuiteRunner.runTest(SuiteRunner.java:366)
	at org.testng.SuiteRunner.runSequentially(SuiteRunner.java:361)
	at org.testng.SuiteRunner.privateRun(SuiteRunner.java:319)
	at org.testng.SuiteRunner.run(SuiteRunner.java:268)
	at org.testng.SuiteRunnerWorker.runSuite(SuiteRunnerWorker.java:52)
	at org.testng.SuiteRunnerWorker.run(SuiteRunnerWorker.java:86)
	at org.testng.TestNG.runSuitesSequentially(TestNG.java:1244)
	at org.testng.TestNG.runSuitesLocally(TestNG.java:1169)
	at org.testng.TestNG.run(TestNG.java:1064)
	at org.testng.remote.AbstractRemoteTestNG.run(AbstractRemoteTestNG.java:115)
	at org.testng.remote.RemoteTestNG.initAndRun(RemoteTestNG.java:251)
	at org.testng.remote.RemoteTestNG.main(RemoteTestNG.java:77)
]]>
            </full-stacktrace>
          </exception> <!-- java.lang.AssertionError -->
          <reporter-output>
          </reporter-output>
        </test-method> <!-- testWithInvalidCharacters -->
        <test-method is-config="true" signature="close()[pri:0, instance:com.apex.ecommerce.signon.test.SignonTest@3a1dd365]" started-at="2020-01-16T12:05:42Z" name="close" finished-at="2020-01-16T12:05:42Z" duration-ms="269" status="PASS">
          <reporter-output>
          </reporter-output>
        </test-method> <!-- close -->
        <test-method is-config="true" signature="setUp()[pri:0, instance:com.apex.ecommerce.signon.test.SignonTest@3a1dd365]" started-at="2020-01-16T12:05:42Z" name="setUp" finished-at="2020-01-16T12:05:47Z" duration-ms="5183" status="PASS">
          <reporter-output>
          </reporter-output>
        </test-method> <!-- setUp -->
        <test-method signature="testWithSuccessCredentials()[pri:0, instance:com.apex.ecommerce.signon.test.SignonTest@3a1dd365]" started-at="2020-01-16T12:05:47Z" name="testWithSuccessCredentials" finished-at="2020-01-16T12:05:48Z" duration-ms="989" status="PASS">
          <reporter-output>
          </reporter-output>
        </test-method> <!-- testWithSuccessCredentials -->
        <test-method is-config="true" signature="close()[pri:0, instance:com.apex.ecommerce.signon.test.SignonTest@3a1dd365]" started-at="2020-01-16T12:05:48Z" name="close" finished-at="2020-01-16T12:05:49Z" duration-ms="266" status="PASS">
          <reporter-output>
          </reporter-output>
        </test-method> <!-- close -->
        <test-method is-config="true" signature="setUp()[pri:0, instance:com.apex.ecommerce.signon.test.SignonTest@3a1dd365]" started-at="2020-01-16T12:05:49Z" name="setUp" finished-at="2020-01-16T12:05:55Z" duration-ms="5938" status="PASS">
          <reporter-output>
          </reporter-output>
        </test-method> <!-- setUp -->
        <test-method signature="testWithWrong()[pri:0, instance:com.apex.ecommerce.signon.test.SignonTest@3a1dd365]" started-at="2020-01-16T12:05:55Z" name="testWithWrong" finished-at="2020-01-16T12:05:56Z" duration-ms="1135" status="FAIL">
          <exception class="java.lang.AssertionError">
            <message>
              <![CDATA[expected [valid] but found [Invalid Username / Password!]]]>
            </message>
            <full-stacktrace>
              <![CDATA[java.lang.AssertionError: expected [valid] but found [Invalid Username / Password!]
	at org.testng.Assert.fail(Assert.java:94)
	at org.testng.Assert.failNotEquals(Assert.java:513)
	at org.testng.Assert.assertEqualsImpl(Assert.java:135)
	at org.testng.Assert.assertEquals(Assert.java:116)
	at org.testng.Assert.assertEquals(Assert.java:190)
	at org.testng.Assert.assertEquals(Assert.java:200)
	at com.apex.ecommerce.signon.test.SignonTest.testWithWrong(SignonTest.java:73)
	at java.base/jdk.internal.reflect.NativeMethodAccessorImpl.invoke0(Native Method)
	at java.base/jdk.internal.reflect.NativeMethodAccessorImpl.invoke(NativeMethodAccessorImpl.java:62)
	at java.base/jdk.internal.reflect.DelegatingMethodAccessorImpl.invoke(DelegatingMethodAccessorImpl.java:43)
	at java.base/java.lang.reflect.Method.invoke(Method.java:567)
	at org.testng.internal.MethodInvocationHelper.invokeMethod(MethodInvocationHelper.java:86)
	at org.testng.internal.Invoker.invokeMethod(Invoker.java:643)
	at org.testng.internal.Invoker.invokeTestMethod(Invoker.java:820)
	at org.testng.internal.Invoker.invokeTestMethods(Invoker.java:1128)
	at org.testng.internal.TestMethodWorker.invokeTestMethods(TestMethodWorker.java:129)
	at org.testng.internal.TestMethodWorker.run(TestMethodWorker.java:112)
	at org.testng.TestRunner.privateRun(TestRunner.java:782)
	at org.testng.TestRunner.run(TestRunner.java:632)
	at org.testng.SuiteRunner.runTest(SuiteRunner.java:366)
	at org.testng.SuiteRunner.runSequentially(SuiteRunner.java:361)
	at org.testng.SuiteRunner.privateRun(SuiteRunner.java:319)
	at org.testng.SuiteRunner.run(SuiteRunner.java:268)
	at org.testng.SuiteRunnerWorker.runSuite(SuiteRunnerWorker.java:52)
	at org.testng.SuiteRunnerWorker.run(SuiteRunnerWorker.java:86)
	at org.testng.TestNG.runSuitesSequentially(TestNG.java:1244)
	at org.testng.TestNG.runSuitesLocally(TestNG.java:1169)
	at org.testng.TestNG.run(TestNG.java:1064)
	at org.testng.remote.AbstractRemoteTestNG.run(AbstractRemoteTestNG.java:115)
	at org.testng.remote.RemoteTestNG.initAndRun(RemoteTestNG.java:251)
	at org.testng.remote.RemoteTestNG.main(RemoteTestNG.java:77)
]]>
            </full-stacktrace>
          </exception> <!-- java.lang.AssertionError -->
          <reporter-output>
          </reporter-output>
        </test-method> <!-- testWithWrong -->
        <test-method is-config="true" signature="close()[pri:0, instance:com.apex.ecommerce.signon.test.SignonTest@3a1dd365]" started-at="2020-01-16T12:05:56Z" name="close" finished-at="2020-01-16T12:05:56Z" duration-ms="166" status="PASS">
          <reporter-output>
          </reporter-output>
        </test-method> <!-- close -->
      </class> <!-- com.apex.ecommerce.signon.test.SignonTest -->
    </test> <!-- Test -->
  </suite> <!-- Suite -->
</testng-results>
